<?xml version="1.0" encoding="UTF-8" ?>
<testsuite tests="6" failures="0" name="UserTest" time="3.563" errors="0" skipped="0">
  <properties>
    <property name="idea.version" value="2021.3.1"/>
    <property name="java.runtime.name" value="OpenJDK Runtime Environment"/>
    <property name="sun.boot.library.path" value="D:\environment\jdk\jdk8\jre\bin"/>
    <property name="java.vm.version" value="25.352-b08"/>
    <property name="java.vm.vendor" value="Amazon.com Inc."/>
    <property name="maven.multiModuleProjectDirectory" value="E:\programming\java\yutTiDemo"/>
    <property name="java.vendor.url" value="https://aws.amazon.com/corretto/"/>
    <property name="path.separator" value=";"/>
    <property name="guice.disable.misplaced.annotation.check" value="true"/>
    <property name="java.vm.name" value="OpenJDK 64-Bit Server VM"/>
    <property name="file.encoding.pkg" value="sun.io"/>
    <property name="user.script" value=""/>
    <property name="user.country" value="CN"/>
    <property name="sun.java.launcher" value="SUN_STANDARD"/>
    <property name="sun.os.patch.level" value=""/>
    <property name="java.vm.specification.name" value="Java Virtual Machine Specification"/>
    <property name="user.dir" value="E:\programming\java\yutTiDemo"/>
    <property name="java.runtime.version" value="1.8.0_352-b08"/>
    <property name="java.awt.graphicsenv" value="sun.awt.Win32GraphicsEnvironment"/>
    <property name="java.endorsed.dirs" value="D:\environment\jdk\jdk8\jre\lib\endorsed"/>
    <property name="os.arch" value="amd64"/>
    <property name="java.io.tmpdir" value="C:\Users\35886\AppData\Local\Temp\"/>
    <property name="line.separator" value="
"/>
    <property name="java.vm.specification.vendor" value="Oracle Corporation"/>
    <property name="user.variant" value=""/>
    <property name="os.name" value="Windows 11"/>
    <property name="maven.ext.class.path" value="D:\Software\IntelliJ IDEA 2021.3.1\plugins\maven\lib\maven-event-listener.jar"/>
    <property name="classworlds.conf" value="D:\environment\apache-maven-3.6.3\bin\m2.conf"/>
    <property name="sun.jnu.encoding" value="GBK"/>
    <property name="java.library.path" value="D:\environment\jdk\jdk8\bin;C:\Windows\Sun\Java\bin;C:\Windows\system32;C:\Windows;D:\Software\vmware\bin\;C:\Windows\system32;C:\Windows;C:\Windows\System32\Wbem;C:\Windows\System32\WindowsPowerShell\v1.0\;C:\Windows\System32\OpenSSH\;C:\Program Files (x86)\NVIDIA Corporation\PhysX\Common;C:\Program Files\NVIDIA Corporation\NVIDIA NvDLISR;C:\Program Files\Bandizip\;D:\Software\xshell\;D:\Software\xftp7\;D:\environment\mysql-8.0.25-winx64\bin;D:\environment\jdk\jdk11\bin;D:\environment\jdk\jdk11\jre\bin;D:\environment\apache-maven-3.6.3\bin;D:\environment\GO\bin;D:\environment\Git\cmd;D:\nodejs\node_global;D:\environment\nodeJs\node_global;D:\environment\nodeJs\;D:\Software\微信web开发者工具\dll;D:\environment\apache-tomcat-8.5.88\bin;D:\environment\apache-tomcat-8.5.88\lib;D:\environment\flutter\flutter\bin;D:\environment\nodeJs\node_global\node_modules\yarn\bin;;C:\Program Files\Docker\Docker\resources\bin;C:\Users\35886\AppData\Local\Programs\Python\Python311\Scripts\;C:\Users\35886\AppData\Local\Programs\Python\Python311\;C:\Users\35886\AppData\Local\Microsoft\WindowsApps;;D:\Software\IntelliJ IDEA 2021.3.1\bin;;D:\Software\GoLand 2022.1.3\bin;;C:\Users\35886\go\bin;C:\Users\35886\AppData\Roaming\npm;D:\Software\PyCharm Community Edition 2023.2\bin;;C:\Users\35886\AppData\Local\Pandoc\;D:\Software\cpolar\;D:\Software\Microsoft VS Code\bin;D:\Software\MicrosoftVSCode\bin;C:\Users\35886\AppData\Local\Programs\Microsoft VS Code\bin;."/>
    <property name="maven.conf" value="D:\environment\apache-maven-3.6.3/conf"/>
    <property name="java.specification.name" value="Java Platform API Specification"/>
    <property name="java.class.version" value="52.0"/>
    <property name="sun.management.compiler" value="HotSpot 64-Bit Tiered Compilers"/>
    <property name="maven.repo.local" value="D:\environment\apache-maven-3.6.3\repository"/>
    <property name="os.version" value="10.0"/>
    <property name="user.home" value="C:\Users\35886"/>
    <property name="user.timezone" value="Asia/Shanghai"/>
    <property name="java.awt.printerjob" value="sun.awt.windows.WPrinterJob"/>
    <property name="java.specification.version" value="1.8"/>
    <property name="file.encoding" value="UTF-8"/>
    <property name="user.name" value="35886"/>
    <property name="java.class.path" value="D:\environment\apache-maven-3.6.3\boot\plexus-classworlds-2.6.0.jar;D:\environment\apache-maven-3.6.3\boot\plexus-classworlds.license;D:\Software\IntelliJ IDEA 2021.3.1\lib\idea_rt.jar"/>
    <property name="java.vm.specification.version" value="1.8"/>
    <property name="sun.arch.data.model" value="64"/>
    <property name="java.home" value="D:\environment\jdk\jdk8\jre"/>
    <property name="sun.java.command" value="org.codehaus.classworlds.Launcher -Didea.version=2021.3.1 -s D:\environment\apache-maven-3.6.3\conf\settings.xml -Dmaven.repo.local=D:\environment\apache-maven-3.6.3\repository package"/>
    <property name="java.specification.vendor" value="Oracle Corporation"/>
    <property name="user.language" value="zh"/>
    <property name="awt.toolkit" value="sun.awt.windows.WToolkit"/>
    <property name="java.vm.info" value="mixed mode"/>
    <property name="java.version" value="1.8.0_352"/>
    <property name="java.ext.dirs" value="D:\environment\jdk\jdk8\jre\lib\ext;C:\Windows\Sun\Java\lib\ext"/>
    <property name="sun.boot.class.path" value="D:\environment\jdk\jdk8\jre\lib\resources.jar;D:\environment\jdk\jdk8\jre\lib\rt.jar;D:\environment\jdk\jdk8\jre\lib\sunrsasign.jar;D:\environment\jdk\jdk8\jre\lib\jsse.jar;D:\environment\jdk\jdk8\jre\lib\jce.jar;D:\environment\jdk\jdk8\jre\lib\charsets.jar;D:\environment\jdk\jdk8\jre\lib\jfr.jar;D:\environment\jdk\jdk8\jre\classes"/>
    <property name="java.vendor" value="Amazon.com Inc."/>
    <property name="java.specification.maintenance.version" value="4"/>
    <property name="maven.home" value="D:\environment\apache-maven-3.6.3"/>
    <property name="file.separator" value="\"/>
    <property name="java.vendor.url.bug" value="https://github.com/corretto/corretto-8/issues/"/>
    <property name="sun.cpu.endian" value="little"/>
    <property name="sun.io.unicode.encoding" value="UnicodeLittle"/>
    <property name="sun.desktop" value="windows"/>
    <property name="sun.cpu.isalist" value="amd64"/>
  </properties>
  <testcase classname="UserTest" name="testMD5" time="0.025"/>
  <testcase classname="UserTest" name="testyzm" time="2.838"/>
  <testcase classname="UserTest" name="testGetBtId" time="0.636"/>
  <testcase classname="UserTest" name="findAllNum" time="0.036"/>
  <testcase classname="UserTest" name="getUserByName" time="0.002"/>
  <testcase classname="UserTest" name="insertUser" time="0.026"/>
</testsuite>